[2014-07-05 17:02:13] Route.INFO: Route path: http://localhost/ArhFrame Route name: default Route controller: arthurh Route module: arthurh Route action: index Route method:  Route is static: true Device:  [] []
[2014-07-05 17:02:13] POST.Vulnerability.INFO: Executing on data 10a0b997b78c35336888dbe4bc19a614 [] []
[2014-07-05 17:02:13] GET.Vulnerability.INFO: Executing on data 21736ee35e677d6f37cbb6be65479ec4 [] []
[2014-07-05 17:02:13] COOKIE.Vulnerability.INFO: Executing on data 5a0997f909b33ce86c01328ccf5da691 [] []
[2014-07-05 17:02:13] SESSION.Vulnerability.INFO: Executing on data 53c9b305ddb865a69803d80f33989da3 [] []
[2014-07-05 17:02:13] ROUTER_INFO.Vulnerability.INFO: Executing on data 38d488787d6f46fdd4a6548475f681e3 [] []
[2014-07-05 17:02:27] Route.INFO: Route path: http://localhost/ArhFrame Route name: default Route controller: arthurh Route module: arthurh Route action: index Route method:  Route is static: true Device:  [] []
[2014-07-05 17:02:27] POST.Vulnerability.INFO: Executing on data 10a0b997b78c35336888dbe4bc19a614 [] []
[2014-07-05 17:02:27] GET.Vulnerability.INFO: Executing on data 21736ee35e677d6f37cbb6be65479ec4 [] []
[2014-07-05 17:02:27] COOKIE.Vulnerability.INFO: Executing on data 842c86da2eda0330685d3819cf0f8e6d [] []
[2014-07-05 17:02:27] SESSION.Vulnerability.INFO: Executing on data 22d88935f26e9c6b54b53a993ea934a9 [] []
[2014-07-05 17:02:27] ROUTER_INFO.Vulnerability.INFO: Executing on data 38d488787d6f46fdd4a6548475f681e3 [] []
[2014-07-05 17:02:35] Route.INFO: Route path: http://localhost/ArhFrame Route name: default Route controller: arthurh Route module: arthurh Route action: index Route method:  Route is static: true Device:  [] []
[2014-07-05 17:02:35] POST.Vulnerability.INFO: Executing on data 10a0b997b78c35336888dbe4bc19a614 [] []
[2014-07-05 17:02:35] GET.Vulnerability.INFO: Executing on data 21736ee35e677d6f37cbb6be65479ec4 [] []
[2014-07-05 17:02:35] COOKIE.Vulnerability.INFO: Executing on data 842c86da2eda0330685d3819cf0f8e6d [] []
[2014-07-05 17:02:35] SESSION.Vulnerability.INFO: Executing on data 22d88935f26e9c6b54b53a993ea934a9 [] []
[2014-07-05 17:02:35] ROUTER_INFO.Vulnerability.INFO: Executing on data 38d488787d6f46fdd4a6548475f681e3 [] []
[2014-07-05 17:03:28] Route.INFO: Route path: http://localhost/ArhFrame/index.php/realisation Route name: realisation Route controller: arthurh Route module: arthurh Route action: realisation Route method:  Route is static: true Device:  [] []
[2014-07-05 17:03:28] POST.Vulnerability.INFO: Executing on data 10a0b997b78c35336888dbe4bc19a614 [] []
[2014-07-05 17:03:28] GET.Vulnerability.INFO: Executing on data 21736ee35e677d6f37cbb6be65479ec4 [] []
[2014-07-05 17:03:28] COOKIE.Vulnerability.INFO: Executing on data 842c86da2eda0330685d3819cf0f8e6d [] []
[2014-07-05 17:03:28] SESSION.Vulnerability.INFO: Executing on data 22d88935f26e9c6b54b53a993ea934a9 [] []
[2014-07-05 17:03:28] ROUTER_INFO.Vulnerability.INFO: Executing on data 38d488787d6f46fdd4a6548475f681e3 [] []
[2014-07-05 17:04:06] Route.INFO: Route path: http://localhost/ArhFrame Route name: default Route controller: arthurh Route module: arthurh Route action: index Route method:  Route is static: true Device:  [] []
[2014-07-05 17:04:06] POST.Vulnerability.INFO: Executing on data 10a0b997b78c35336888dbe4bc19a614 [] []
[2014-07-05 17:04:06] GET.Vulnerability.INFO: Executing on data 21736ee35e677d6f37cbb6be65479ec4 [] []
[2014-07-05 17:04:06] COOKIE.Vulnerability.INFO: Executing on data 842c86da2eda0330685d3819cf0f8e6d [] []
[2014-07-05 17:04:06] SESSION.Vulnerability.INFO: Executing on data 22d88935f26e9c6b54b53a993ea934a9 [] []
[2014-07-05 17:04:06] ROUTER_INFO.Vulnerability.INFO: Executing on data 38d488787d6f46fdd4a6548475f681e3 [] []
[2014-07-05 17:04:13] Route.INFO: Route path: http://localhost/ArhFrame Route name: default Route controller: arthurh Route module: arthurh Route action: index Route method:  Route is static: true Device:  [] []
[2014-07-05 17:04:13] POST.Vulnerability.INFO: Executing on data 10a0b997b78c35336888dbe4bc19a614 [] []
[2014-07-05 17:04:13] GET.Vulnerability.INFO: Executing on data 21736ee35e677d6f37cbb6be65479ec4 [] []
[2014-07-05 17:04:13] COOKIE.Vulnerability.INFO: Executing on data 842c86da2eda0330685d3819cf0f8e6d [] []
[2014-07-05 17:04:13] SESSION.Vulnerability.INFO: Executing on data 22d88935f26e9c6b54b53a993ea934a9 [] []
[2014-07-05 17:04:13] ROUTER_INFO.Vulnerability.INFO: Executing on data 38d488787d6f46fdd4a6548475f681e3 [] []
[2014-07-05 17:18:17] Route.INFO: Route path: http://localhost/ArhFrame Route name: default Route controller: arthurh Route module: arthurh Route action: index Route method:  Route is static: true Device:  [] []
[2014-07-05 17:18:17] POST.Vulnerability.INFO: Executing on data 10a0b997b78c35336888dbe4bc19a614 [] []
[2014-07-05 17:18:17] GET.Vulnerability.INFO: Executing on data 21736ee35e677d6f37cbb6be65479ec4 [] []
[2014-07-05 17:18:17] COOKIE.Vulnerability.INFO: Executing on data 842c86da2eda0330685d3819cf0f8e6d [] []
[2014-07-05 17:18:17] SESSION.Vulnerability.INFO: Executing on data 22d88935f26e9c6b54b53a993ea934a9 [] []
[2014-07-05 17:18:17] ROUTER_INFO.Vulnerability.INFO: Executing on data 38d488787d6f46fdd4a6548475f681e3 [] []
[2014-07-05 17:18:20] Route.INFO: Route path: http://localhost/ArhFrame/projects Route name: project Route controller: arthurh Route module: arthurh Route action: project Route method:  Route is static: false Device:  [] []
[2014-07-05 17:18:20] POST.Vulnerability.INFO: Executing on data 10a0b997b78c35336888dbe4bc19a614 [] []
[2014-07-05 17:18:20] GET.Vulnerability.INFO: Executing on data 21736ee35e677d6f37cbb6be65479ec4 [] []
[2014-07-05 17:18:20] COOKIE.Vulnerability.INFO: Executing on data 842c86da2eda0330685d3819cf0f8e6d [] []
[2014-07-05 17:18:20] SESSION.Vulnerability.INFO: Executing on data 22d88935f26e9c6b54b53a993ea934a9 [] []
[2014-07-05 17:18:20] ROUTER_INFO.Vulnerability.INFO: Executing on data 38d488787d6f46fdd4a6548475f681e3 [] []
[2014-07-05 17:19:21] Route.INFO: Route path: http://localhost/ArhFrame/projects Route name: project Route controller: arthurh Route module: arthurh Route action: project Route method:  Route is static: false Device:  [] []
[2014-07-05 17:19:21] POST.Vulnerability.INFO: Executing on data 10a0b997b78c35336888dbe4bc19a614 [] []
[2014-07-05 17:19:21] GET.Vulnerability.INFO: Executing on data 21736ee35e677d6f37cbb6be65479ec4 [] []
[2014-07-05 17:19:21] COOKIE.Vulnerability.INFO: Executing on data 842c86da2eda0330685d3819cf0f8e6d [] []
[2014-07-05 17:19:21] SESSION.Vulnerability.INFO: Executing on data 22d88935f26e9c6b54b53a993ea934a9 [] []
[2014-07-05 17:19:21] ROUTER_INFO.Vulnerability.INFO: Executing on data 38d488787d6f46fdd4a6548475f681e3 [] []
[2014-07-05 17:19:38] Route.INFO: Route path: http://localhost/ArhFrame/projects Route name: project Route controller: arthurh Route module: arthurh Route action: project Route method:  Route is static: false Device:  [] []
[2014-07-05 17:19:38] POST.Vulnerability.INFO: Executing on data 10a0b997b78c35336888dbe4bc19a614 [] []
[2014-07-05 17:19:38] GET.Vulnerability.INFO: Executing on data 21736ee35e677d6f37cbb6be65479ec4 [] []
[2014-07-05 17:19:38] COOKIE.Vulnerability.INFO: Executing on data 842c86da2eda0330685d3819cf0f8e6d [] []
[2014-07-05 17:19:38] SESSION.Vulnerability.INFO: Executing on data 22d88935f26e9c6b54b53a993ea934a9 [] []
[2014-07-05 17:19:38] ROUTER_INFO.Vulnerability.INFO: Executing on data 38d488787d6f46fdd4a6548475f681e3 [] []
[2014-07-05 17:22:25] Route.INFO: Route path: http://localhost/ArhFrame/projects Route name: project Route controller: arthurh Route module: arthurh Route action: project Route method:  Route is static: false Device:  [] []
[2014-07-05 17:22:25] POST.Vulnerability.INFO: Executing on data 10a0b997b78c35336888dbe4bc19a614 [] []
[2014-07-05 17:22:25] GET.Vulnerability.INFO: Executing on data 21736ee35e677d6f37cbb6be65479ec4 [] []
[2014-07-05 17:22:25] COOKIE.Vulnerability.INFO: Executing on data 842c86da2eda0330685d3819cf0f8e6d [] []
[2014-07-05 17:22:25] SESSION.Vulnerability.INFO: Executing on data 22d88935f26e9c6b54b53a993ea934a9 [] []
[2014-07-05 17:22:25] ROUTER_INFO.Vulnerability.INFO: Executing on data 38d488787d6f46fdd4a6548475f681e3 [] []
[2014-07-05 17:22:57] Route.INFO: Route path: http://localhost/ArhFrame/projects Route name: project Route controller: arthurh Route module: arthurh Route action: project Route method:  Route is static: false Device:  [] []
[2014-07-05 17:22:57] POST.Vulnerability.INFO: Executing on data 10a0b997b78c35336888dbe4bc19a614 [] []
[2014-07-05 17:22:57] GET.Vulnerability.INFO: Executing on data 21736ee35e677d6f37cbb6be65479ec4 [] []
[2014-07-05 17:22:57] COOKIE.Vulnerability.INFO: Executing on data 842c86da2eda0330685d3819cf0f8e6d [] []
[2014-07-05 17:22:57] SESSION.Vulnerability.INFO: Executing on data 22d88935f26e9c6b54b53a993ea934a9 [] []
[2014-07-05 17:22:57] ROUTER_INFO.Vulnerability.INFO: Executing on data 38d488787d6f46fdd4a6548475f681e3 [] []
[2014-07-05 17:24:21] Route.INFO: Route path: http://localhost/ArhFrame/projects Route name: project Route controller: arthurh Route module: arthurh Route action: project Route method:  Route is static: false Device:  [] []
[2014-07-05 17:24:21] POST.Vulnerability.INFO: Executing on data 10a0b997b78c35336888dbe4bc19a614 [] []
[2014-07-05 17:24:21] GET.Vulnerability.INFO: Executing on data 21736ee35e677d6f37cbb6be65479ec4 [] []
[2014-07-05 17:24:21] COOKIE.Vulnerability.INFO: Executing on data 842c86da2eda0330685d3819cf0f8e6d [] []
[2014-07-05 17:24:21] SESSION.Vulnerability.INFO: Executing on data 22d88935f26e9c6b54b53a993ea934a9 [] []
[2014-07-05 17:24:21] ROUTER_INFO.Vulnerability.INFO: Executing on data 38d488787d6f46fdd4a6548475f681e3 [] []
[2014-07-05 17:26:03] Route.INFO: Route path: http://localhost/ArhFrame/projects Route name: project Route controller: arthurh Route module: arthurh Route action: project Route method:  Route is static: false Device:  [] []
[2014-07-05 17:26:03] POST.Vulnerability.INFO: Executing on data 10a0b997b78c35336888dbe4bc19a614 [] []
[2014-07-05 17:26:03] GET.Vulnerability.INFO: Executing on data 21736ee35e677d6f37cbb6be65479ec4 [] []
[2014-07-05 17:26:03] COOKIE.Vulnerability.INFO: Executing on data 842c86da2eda0330685d3819cf0f8e6d [] []
[2014-07-05 17:26:03] SESSION.Vulnerability.INFO: Executing on data 22d88935f26e9c6b54b53a993ea934a9 [] []
[2014-07-05 17:26:03] ROUTER_INFO.Vulnerability.INFO: Executing on data 38d488787d6f46fdd4a6548475f681e3 [] []
[2014-07-05 17:26:35] Route.INFO: Route path: http://localhost/ArhFrame/projects Route name: project Route controller: arthurh Route module: arthurh Route action: project Route method:  Route is static: false Device:  [] []
[2014-07-05 17:26:35] POST.Vulnerability.INFO: Executing on data 10a0b997b78c35336888dbe4bc19a614 [] []
[2014-07-05 17:26:35] GET.Vulnerability.INFO: Executing on data 21736ee35e677d6f37cbb6be65479ec4 [] []
[2014-07-05 17:26:35] COOKIE.Vulnerability.INFO: Executing on data 842c86da2eda0330685d3819cf0f8e6d [] []
[2014-07-05 17:26:35] SESSION.Vulnerability.INFO: Executing on data 22d88935f26e9c6b54b53a993ea934a9 [] []
[2014-07-05 17:26:35] ROUTER_INFO.Vulnerability.INFO: Executing on data 38d488787d6f46fdd4a6548475f681e3 [] []
[2014-07-05 17:30:00] Route.INFO: Route path: http://localhost/ArhFrame/projects Route name: project Route controller: arthurh Route module: arthurh Route action: project Route method:  Route is static: false Device:  [] []
[2014-07-05 17:30:00] POST.Vulnerability.INFO: Executing on data 10a0b997b78c35336888dbe4bc19a614 [] []
[2014-07-05 17:30:00] GET.Vulnerability.INFO: Executing on data 21736ee35e677d6f37cbb6be65479ec4 [] []
[2014-07-05 17:30:00] COOKIE.Vulnerability.INFO: Executing on data 842c86da2eda0330685d3819cf0f8e6d [] []
[2014-07-05 17:30:00] SESSION.Vulnerability.INFO: Executing on data 22d88935f26e9c6b54b53a993ea934a9 [] []
[2014-07-05 17:30:00] ROUTER_INFO.Vulnerability.INFO: Executing on data 38d488787d6f46fdd4a6548475f681e3 [] []
[2014-07-05 17:30:05] Route.INFO: Route path: http://localhost/ArhFrame/projects Route name: project Route controller: arthurh Route module: arthurh Route action: project Route method:  Route is static: false Device:  [] []
[2014-07-05 17:30:05] POST.Vulnerability.INFO: Executing on data 10a0b997b78c35336888dbe4bc19a614 [] []
[2014-07-05 17:30:05] GET.Vulnerability.INFO: Executing on data 21736ee35e677d6f37cbb6be65479ec4 [] []
[2014-07-05 17:30:05] COOKIE.Vulnerability.INFO: Executing on data 842c86da2eda0330685d3819cf0f8e6d [] []
[2014-07-05 17:30:05] SESSION.Vulnerability.INFO: Executing on data 22d88935f26e9c6b54b53a993ea934a9 [] []
[2014-07-05 17:30:05] ROUTER_INFO.Vulnerability.INFO: Executing on data 38d488787d6f46fdd4a6548475f681e3 [] []
[2014-07-05 17:30:54] Route.INFO: Route path: http://localhost/ArhFrame/projects Route name: project Route controller: arthurh Route module: arthurh Route action: project Route method:  Route is static: false Device:  [] []
[2014-07-05 17:30:54] POST.Vulnerability.INFO: Executing on data 10a0b997b78c35336888dbe4bc19a614 [] []
[2014-07-05 17:30:54] GET.Vulnerability.INFO: Executing on data 21736ee35e677d6f37cbb6be65479ec4 [] []
[2014-07-05 17:30:54] COOKIE.Vulnerability.INFO: Executing on data 842c86da2eda0330685d3819cf0f8e6d [] []
[2014-07-05 17:30:54] SESSION.Vulnerability.INFO: Executing on data 22d88935f26e9c6b54b53a993ea934a9 [] []
[2014-07-05 17:30:54] ROUTER_INFO.Vulnerability.INFO: Executing on data 38d488787d6f46fdd4a6548475f681e3 [] []
[2014-07-05 17:31:04] Route.INFO: Route path: http://localhost/ArhFrame/projects Route name: project Route controller: arthurh Route module: arthurh Route action: project Route method:  Route is static: false Device:  [] []
[2014-07-05 17:31:04] POST.Vulnerability.INFO: Executing on data 10a0b997b78c35336888dbe4bc19a614 [] []
[2014-07-05 17:31:04] GET.Vulnerability.INFO: Executing on data 21736ee35e677d6f37cbb6be65479ec4 [] []
[2014-07-05 17:31:04] COOKIE.Vulnerability.INFO: Executing on data 842c86da2eda0330685d3819cf0f8e6d [] []
[2014-07-05 17:31:04] SESSION.Vulnerability.INFO: Executing on data 22d88935f26e9c6b54b53a993ea934a9 [] []
[2014-07-05 17:31:04] ROUTER_INFO.Vulnerability.INFO: Executing on data 38d488787d6f46fdd4a6548475f681e3 [] []
[2014-07-05 17:31:13] Route.INFO: Route path: http://localhost/ArhFrame/projects Route name: project Route controller: arthurh Route module: arthurh Route action: project Route method:  Route is static: false Device:  [] []
[2014-07-05 17:31:13] POST.Vulnerability.INFO: Executing on data 10a0b997b78c35336888dbe4bc19a614 [] []
[2014-07-05 17:31:13] GET.Vulnerability.INFO: Executing on data 21736ee35e677d6f37cbb6be65479ec4 [] []
[2014-07-05 17:31:13] COOKIE.Vulnerability.INFO: Executing on data 842c86da2eda0330685d3819cf0f8e6d [] []
[2014-07-05 17:31:13] SESSION.Vulnerability.INFO: Executing on data 22d88935f26e9c6b54b53a993ea934a9 [] []
[2014-07-05 17:31:13] ROUTER_INFO.Vulnerability.INFO: Executing on data 38d488787d6f46fdd4a6548475f681e3 [] []
[2014-07-05 17:31:59] Route.INFO: Route path: http://localhost/ArhFrame/projects Route name: project Route controller: arthurh Route module: arthurh Route action: project Route method:  Route is static: false Device:  [] []
[2014-07-05 17:31:59] POST.Vulnerability.INFO: Executing on data 10a0b997b78c35336888dbe4bc19a614 [] []
[2014-07-05 17:31:59] GET.Vulnerability.INFO: Executing on data 21736ee35e677d6f37cbb6be65479ec4 [] []
[2014-07-05 17:31:59] COOKIE.Vulnerability.INFO: Executing on data 842c86da2eda0330685d3819cf0f8e6d [] []
[2014-07-05 17:31:59] SESSION.Vulnerability.INFO: Executing on data 22d88935f26e9c6b54b53a993ea934a9 [] []
[2014-07-05 17:31:59] ROUTER_INFO.Vulnerability.INFO: Executing on data 38d488787d6f46fdd4a6548475f681e3 [] []
[2014-07-05 17:32:05] Route.INFO: Route path: http://localhost/ArhFrame/projects Route name: project Route controller: arthurh Route module: arthurh Route action: project Route method:  Route is static: false Device:  [] []
[2014-07-05 17:32:05] POST.Vulnerability.INFO: Executing on data 10a0b997b78c35336888dbe4bc19a614 [] []
[2014-07-05 17:32:05] GET.Vulnerability.INFO: Executing on data 21736ee35e677d6f37cbb6be65479ec4 [] []
[2014-07-05 17:32:05] COOKIE.Vulnerability.INFO: Executing on data 842c86da2eda0330685d3819cf0f8e6d [] []
[2014-07-05 17:32:05] SESSION.Vulnerability.INFO: Executing on data 22d88935f26e9c6b54b53a993ea934a9 [] []
[2014-07-05 17:32:05] ROUTER_INFO.Vulnerability.INFO: Executing on data 38d488787d6f46fdd4a6548475f681e3 [] []
[2014-07-05 17:33:36] Route.INFO: Route path: http://localhost/ArhFrame/projects Route name: project Route controller: arthurh Route module: arthurh Route action: project Route method:  Route is static: false Device:  [] []
[2014-07-05 17:33:36] POST.Vulnerability.INFO: Executing on data 10a0b997b78c35336888dbe4bc19a614 [] []
[2014-07-05 17:33:36] GET.Vulnerability.INFO: Executing on data 21736ee35e677d6f37cbb6be65479ec4 [] []
[2014-07-05 17:33:36] COOKIE.Vulnerability.INFO: Executing on data 842c86da2eda0330685d3819cf0f8e6d [] []
[2014-07-05 17:33:36] SESSION.Vulnerability.INFO: Executing on data 22d88935f26e9c6b54b53a993ea934a9 [] []
[2014-07-05 17:33:36] ROUTER_INFO.Vulnerability.INFO: Executing on data 38d488787d6f46fdd4a6548475f681e3 [] []
[2014-07-05 17:33:41] Route.INFO: Route path: http://localhost/ArhFrame/projects Route name: project Route controller: arthurh Route module: arthurh Route action: project Route method:  Route is static: false Device:  [] []
[2014-07-05 17:33:41] POST.Vulnerability.INFO: Executing on data 10a0b997b78c35336888dbe4bc19a614 [] []
[2014-07-05 17:33:41] GET.Vulnerability.INFO: Executing on data 21736ee35e677d6f37cbb6be65479ec4 [] []
[2014-07-05 17:33:41] COOKIE.Vulnerability.INFO: Executing on data 842c86da2eda0330685d3819cf0f8e6d [] []
[2014-07-05 17:33:41] SESSION.Vulnerability.INFO: Executing on data 22d88935f26e9c6b54b53a993ea934a9 [] []
[2014-07-05 17:33:41] ROUTER_INFO.Vulnerability.INFO: Executing on data 38d488787d6f46fdd4a6548475f681e3 [] []
[2014-07-05 17:33:50] Route.INFO: Route path: http://localhost/ArhFrame/projects Route name: project Route controller: arthurh Route module: arthurh Route action: project Route method:  Route is static: false Device:  [] []
[2014-07-05 17:33:50] POST.Vulnerability.INFO: Executing on data 10a0b997b78c35336888dbe4bc19a614 [] []
[2014-07-05 17:33:50] GET.Vulnerability.INFO: Executing on data 21736ee35e677d6f37cbb6be65479ec4 [] []
[2014-07-05 17:33:50] COOKIE.Vulnerability.INFO: Executing on data 842c86da2eda0330685d3819cf0f8e6d [] []
[2014-07-05 17:33:50] SESSION.Vulnerability.INFO: Executing on data 22d88935f26e9c6b54b53a993ea934a9 [] []
[2014-07-05 17:33:50] ROUTER_INFO.Vulnerability.INFO: Executing on data 38d488787d6f46fdd4a6548475f681e3 [] []
[2014-07-05 17:34:13] Route.INFO: Route path: http://localhost/ArhFrame/projects Route name: project Route controller: arthurh Route module: arthurh Route action: project Route method:  Route is static: false Device:  [] []
[2014-07-05 17:34:13] POST.Vulnerability.INFO: Executing on data 10a0b997b78c35336888dbe4bc19a614 [] []
[2014-07-05 17:34:13] GET.Vulnerability.INFO: Executing on data 21736ee35e677d6f37cbb6be65479ec4 [] []
[2014-07-05 17:34:13] COOKIE.Vulnerability.INFO: Executing on data 842c86da2eda0330685d3819cf0f8e6d [] []
[2014-07-05 17:34:13] SESSION.Vulnerability.INFO: Executing on data 22d88935f26e9c6b54b53a993ea934a9 [] []
[2014-07-05 17:34:13] ROUTER_INFO.Vulnerability.INFO: Executing on data 38d488787d6f46fdd4a6548475f681e3 [] []
[2014-07-05 17:34:45] Route.INFO: Route path: http://localhost/ArhFrame/projects Route name: project Route controller: arthurh Route module: arthurh Route action: project Route method:  Route is static: false Device:  [] []
[2014-07-05 17:34:45] POST.Vulnerability.INFO: Executing on data 10a0b997b78c35336888dbe4bc19a614 [] []
[2014-07-05 17:34:45] GET.Vulnerability.INFO: Executing on data 21736ee35e677d6f37cbb6be65479ec4 [] []
[2014-07-05 17:34:45] COOKIE.Vulnerability.INFO: Executing on data 842c86da2eda0330685d3819cf0f8e6d [] []
[2014-07-05 17:34:45] SESSION.Vulnerability.INFO: Executing on data 22d88935f26e9c6b54b53a993ea934a9 [] []
[2014-07-05 17:34:45] ROUTER_INFO.Vulnerability.INFO: Executing on data 38d488787d6f46fdd4a6548475f681e3 [] []
[2014-07-05 17:38:17] Route.INFO: Route path: http://localhost/ArhFrame/projects Route name: project Route controller: arthurh Route module: arthurh Route action: project Route method:  Route is static: false Device:  [] []
[2014-07-05 17:38:17] POST.Vulnerability.INFO: Executing on data 10a0b997b78c35336888dbe4bc19a614 [] []
[2014-07-05 17:38:17] GET.Vulnerability.INFO: Executing on data 21736ee35e677d6f37cbb6be65479ec4 [] []
[2014-07-05 17:38:17] COOKIE.Vulnerability.INFO: Executing on data 842c86da2eda0330685d3819cf0f8e6d [] []
[2014-07-05 17:38:17] SESSION.Vulnerability.INFO: Executing on data 22d88935f26e9c6b54b53a993ea934a9 [] []
[2014-07-05 17:38:17] ROUTER_INFO.Vulnerability.INFO: Executing on data 38d488787d6f46fdd4a6548475f681e3 [] []
[2014-07-05 17:38:34] Route.INFO: Route path: http://localhost/ArhFrame/projects Route name: project Route controller: arthurh Route module: arthurh Route action: project Route method:  Route is static: false Device:  [] []
[2014-07-05 17:38:34] POST.Vulnerability.INFO: Executing on data 10a0b997b78c35336888dbe4bc19a614 [] []
[2014-07-05 17:38:34] GET.Vulnerability.INFO: Executing on data 21736ee35e677d6f37cbb6be65479ec4 [] []
[2014-07-05 17:38:34] COOKIE.Vulnerability.INFO: Executing on data 842c86da2eda0330685d3819cf0f8e6d [] []
[2014-07-05 17:38:34] SESSION.Vulnerability.INFO: Executing on data 22d88935f26e9c6b54b53a993ea934a9 [] []
[2014-07-05 17:38:34] ROUTER_INFO.Vulnerability.INFO: Executing on data 38d488787d6f46fdd4a6548475f681e3 [] []
[2014-07-05 17:40:06] Route.INFO: Route path: http://localhost/ArhFrame/projects Route name: project Route controller: arthurh Route module: arthurh Route action: project Route method:  Route is static: false Device:  [] []
[2014-07-05 17:40:06] POST.Vulnerability.INFO: Executing on data 10a0b997b78c35336888dbe4bc19a614 [] []
[2014-07-05 17:40:06] GET.Vulnerability.INFO: Executing on data 21736ee35e677d6f37cbb6be65479ec4 [] []
[2014-07-05 17:40:06] COOKIE.Vulnerability.INFO: Executing on data 842c86da2eda0330685d3819cf0f8e6d [] []
[2014-07-05 17:40:06] SESSION.Vulnerability.INFO: Executing on data 22d88935f26e9c6b54b53a993ea934a9 [] []
[2014-07-05 17:40:06] ROUTER_INFO.Vulnerability.INFO: Executing on data 38d488787d6f46fdd4a6548475f681e3 [] []
[2014-07-05 17:41:39] Route.INFO: Route path: http://localhost/ArhFrame/projects Route name: project Route controller: arthurh Route module: arthurh Route action: project Route method:  Route is static: false Device:  [] []
[2014-07-05 17:41:39] POST.Vulnerability.INFO: Executing on data 10a0b997b78c35336888dbe4bc19a614 [] []
[2014-07-05 17:41:39] GET.Vulnerability.INFO: Executing on data 21736ee35e677d6f37cbb6be65479ec4 [] []
[2014-07-05 17:41:39] COOKIE.Vulnerability.INFO: Executing on data 842c86da2eda0330685d3819cf0f8e6d [] []
[2014-07-05 17:41:39] SESSION.Vulnerability.INFO: Executing on data 22d88935f26e9c6b54b53a993ea934a9 [] []
[2014-07-05 17:41:39] ROUTER_INFO.Vulnerability.INFO: Executing on data 38d488787d6f46fdd4a6548475f681e3 [] []
[2014-07-05 17:42:14] Route.INFO: Route path: http://localhost/ArhFrame/projects Route name: project Route controller: arthurh Route module: arthurh Route action: project Route method:  Route is static: false Device:  [] []
[2014-07-05 17:42:14] POST.Vulnerability.INFO: Executing on data 10a0b997b78c35336888dbe4bc19a614 [] []
[2014-07-05 17:42:14] GET.Vulnerability.INFO: Executing on data 21736ee35e677d6f37cbb6be65479ec4 [] []
[2014-07-05 17:42:14] COOKIE.Vulnerability.INFO: Executing on data 842c86da2eda0330685d3819cf0f8e6d [] []
[2014-07-05 17:42:14] SESSION.Vulnerability.INFO: Executing on data 22d88935f26e9c6b54b53a993ea934a9 [] []
[2014-07-05 17:42:14] ROUTER_INFO.Vulnerability.INFO: Executing on data 38d488787d6f46fdd4a6548475f681e3 [] []
[2014-07-05 17:43:26] Route.INFO: Route path: http://localhost/ArhFrame/projects Route name: project Route controller: arthurh Route module: arthurh Route action: project Route method:  Route is static: false Device:  [] []
[2014-07-05 17:43:26] POST.Vulnerability.INFO: Executing on data 10a0b997b78c35336888dbe4bc19a614 [] []
[2014-07-05 17:43:26] GET.Vulnerability.INFO: Executing on data 21736ee35e677d6f37cbb6be65479ec4 [] []
[2014-07-05 17:43:26] COOKIE.Vulnerability.INFO: Executing on data 842c86da2eda0330685d3819cf0f8e6d [] []
[2014-07-05 17:43:26] SESSION.Vulnerability.INFO: Executing on data 22d88935f26e9c6b54b53a993ea934a9 [] []
[2014-07-05 17:43:26] ROUTER_INFO.Vulnerability.INFO: Executing on data 38d488787d6f46fdd4a6548475f681e3 [] []
[2014-07-05 17:43:54] Route.INFO: Route path: http://localhost/ArhFrame/projects Route name: project Route controller: arthurh Route module: arthurh Route action: project Route method:  Route is static: false Device:  [] []
[2014-07-05 17:43:54] POST.Vulnerability.INFO: Executing on data 10a0b997b78c35336888dbe4bc19a614 [] []
[2014-07-05 17:43:54] GET.Vulnerability.INFO: Executing on data 21736ee35e677d6f37cbb6be65479ec4 [] []
[2014-07-05 17:43:54] COOKIE.Vulnerability.INFO: Executing on data 842c86da2eda0330685d3819cf0f8e6d [] []
[2014-07-05 17:43:54] SESSION.Vulnerability.INFO: Executing on data 22d88935f26e9c6b54b53a993ea934a9 [] []
[2014-07-05 17:43:54] ROUTER_INFO.Vulnerability.INFO: Executing on data 38d488787d6f46fdd4a6548475f681e3 [] []
[2014-07-05 17:44:05] Route.INFO: Route path: http://localhost/ArhFrame/projects Route name: project Route controller: arthurh Route module: arthurh Route action: project Route method:  Route is static: false Device:  [] []
[2014-07-05 17:44:05] POST.Vulnerability.INFO: Executing on data 10a0b997b78c35336888dbe4bc19a614 [] []
[2014-07-05 17:44:05] GET.Vulnerability.INFO: Executing on data 21736ee35e677d6f37cbb6be65479ec4 [] []
[2014-07-05 17:44:05] COOKIE.Vulnerability.INFO: Executing on data 842c86da2eda0330685d3819cf0f8e6d [] []
[2014-07-05 17:44:05] SESSION.Vulnerability.INFO: Executing on data 22d88935f26e9c6b54b53a993ea934a9 [] []
[2014-07-05 17:44:05] ROUTER_INFO.Vulnerability.INFO: Executing on data 38d488787d6f46fdd4a6548475f681e3 [] []
[2014-07-05 17:44:59] Route.INFO: Route path: http://localhost/ArhFrame/projects Route name: project Route controller: arthurh Route module: arthurh Route action: project Route method:  Route is static: false Device:  [] []
[2014-07-05 17:44:59] POST.Vulnerability.INFO: Executing on data 10a0b997b78c35336888dbe4bc19a614 [] []
[2014-07-05 17:44:59] GET.Vulnerability.INFO: Executing on data 21736ee35e677d6f37cbb6be65479ec4 [] []
[2014-07-05 17:44:59] COOKIE.Vulnerability.INFO: Executing on data 842c86da2eda0330685d3819cf0f8e6d [] []
[2014-07-05 17:44:59] SESSION.Vulnerability.INFO: Executing on data 22d88935f26e9c6b54b53a993ea934a9 [] []
[2014-07-05 17:45:00] ROUTER_INFO.Vulnerability.INFO: Executing on data 38d488787d6f46fdd4a6548475f681e3 [] []
[2014-07-05 17:45:57] Route.INFO: Route path: http://localhost/ArhFrame/projects Route name: project Route controller: arthurh Route module: arthurh Route action: project Route method:  Route is static: false Device:  [] []
[2014-07-05 17:45:57] POST.Vulnerability.INFO: Executing on data 10a0b997b78c35336888dbe4bc19a614 [] []
[2014-07-05 17:45:57] GET.Vulnerability.INFO: Executing on data 21736ee35e677d6f37cbb6be65479ec4 [] []
[2014-07-05 17:45:57] COOKIE.Vulnerability.INFO: Executing on data 842c86da2eda0330685d3819cf0f8e6d [] []
[2014-07-05 17:45:57] SESSION.Vulnerability.INFO: Executing on data 22d88935f26e9c6b54b53a993ea934a9 [] []
[2014-07-05 17:45:57] ROUTER_INFO.Vulnerability.INFO: Executing on data 38d488787d6f46fdd4a6548475f681e3 [] []
[2014-07-05 17:46:33] Route.INFO: Route path: http://localhost/ArhFrame/projects Route name: project Route controller: arthurh Route module: arthurh Route action: project Route method:  Route is static: false Device:  [] []
[2014-07-05 17:46:33] POST.Vulnerability.INFO: Executing on data 10a0b997b78c35336888dbe4bc19a614 [] []
[2014-07-05 17:46:33] GET.Vulnerability.INFO: Executing on data 21736ee35e677d6f37cbb6be65479ec4 [] []
[2014-07-05 17:46:33] COOKIE.Vulnerability.INFO: Executing on data 842c86da2eda0330685d3819cf0f8e6d [] []
[2014-07-05 17:46:33] SESSION.Vulnerability.INFO: Executing on data 22d88935f26e9c6b54b53a993ea934a9 [] []
[2014-07-05 17:46:33] ROUTER_INFO.Vulnerability.INFO: Executing on data 38d488787d6f46fdd4a6548475f681e3 [] []
[2014-07-05 17:46:57] Route.INFO: Route path: http://localhost/ArhFrame/projects Route name: project Route controller: arthurh Route module: arthurh Route action: project Route method:  Route is static: false Device:  [] []
[2014-07-05 17:46:58] POST.Vulnerability.INFO: Executing on data 10a0b997b78c35336888dbe4bc19a614 [] []
[2014-07-05 17:46:58] GET.Vulnerability.INFO: Executing on data 21736ee35e677d6f37cbb6be65479ec4 [] []
[2014-07-05 17:46:58] COOKIE.Vulnerability.INFO: Executing on data 842c86da2eda0330685d3819cf0f8e6d [] []
[2014-07-05 17:46:58] SESSION.Vulnerability.INFO: Executing on data 22d88935f26e9c6b54b53a993ea934a9 [] []
[2014-07-05 17:46:58] ROUTER_INFO.Vulnerability.INFO: Executing on data 38d488787d6f46fdd4a6548475f681e3 [] []
[2014-07-05 17:49:08] Route.INFO: Route path: http://localhost/ArhFrame/projects Route name: project Route controller: arthurh Route module: arthurh Route action: project Route method:  Route is static: false Device:  [] []
[2014-07-05 17:49:08] POST.Vulnerability.INFO: Executing on data 10a0b997b78c35336888dbe4bc19a614 [] []
[2014-07-05 17:49:08] GET.Vulnerability.INFO: Executing on data 21736ee35e677d6f37cbb6be65479ec4 [] []
[2014-07-05 17:49:08] COOKIE.Vulnerability.INFO: Executing on data 842c86da2eda0330685d3819cf0f8e6d [] []
[2014-07-05 17:49:08] SESSION.Vulnerability.INFO: Executing on data 22d88935f26e9c6b54b53a993ea934a9 [] []
[2014-07-05 17:49:08] ROUTER_INFO.Vulnerability.INFO: Executing on data 38d488787d6f46fdd4a6548475f681e3 [] []
[2014-07-05 17:50:22] Route.INFO: Route path: http://localhost/ArhFrame/projects Route name: project Route controller: arthurh Route module: arthurh Route action: project Route method:  Route is static: false Device:  [] []
[2014-07-05 17:50:22] POST.Vulnerability.INFO: Executing on data 10a0b997b78c35336888dbe4bc19a614 [] []
[2014-07-05 17:50:22] GET.Vulnerability.INFO: Executing on data 21736ee35e677d6f37cbb6be65479ec4 [] []
[2014-07-05 17:50:22] COOKIE.Vulnerability.INFO: Executing on data 842c86da2eda0330685d3819cf0f8e6d [] []
[2014-07-05 17:50:22] SESSION.Vulnerability.INFO: Executing on data 22d88935f26e9c6b54b53a993ea934a9 [] []
[2014-07-05 17:50:22] ROUTER_INFO.Vulnerability.INFO: Executing on data 38d488787d6f46fdd4a6548475f681e3 [] []
[2014-07-05 17:51:02] Route.INFO: Route path: http://localhost/ArhFrame/projects Route name: project Route controller: arthurh Route module: arthurh Route action: project Route method:  Route is static: false Device:  [] []
[2014-07-05 17:51:02] POST.Vulnerability.INFO: Executing on data 10a0b997b78c35336888dbe4bc19a614 [] []
[2014-07-05 17:51:02] GET.Vulnerability.INFO: Executing on data 21736ee35e677d6f37cbb6be65479ec4 [] []
[2014-07-05 17:51:02] COOKIE.Vulnerability.INFO: Executing on data 842c86da2eda0330685d3819cf0f8e6d [] []
[2014-07-05 17:51:02] SESSION.Vulnerability.INFO: Executing on data 22d88935f26e9c6b54b53a993ea934a9 [] []
[2014-07-05 17:51:02] ROUTER_INFO.Vulnerability.INFO: Executing on data 38d488787d6f46fdd4a6548475f681e3 [] []
[2014-07-05 17:51:31] Route.INFO: Route path: http://localhost/ArhFrame/projects Route name: project Route controller: arthurh Route module: arthurh Route action: project Route method:  Route is static: false Device:  [] []
[2014-07-05 17:51:31] POST.Vulnerability.INFO: Executing on data 10a0b997b78c35336888dbe4bc19a614 [] []
[2014-07-05 17:51:31] GET.Vulnerability.INFO: Executing on data 21736ee35e677d6f37cbb6be65479ec4 [] []
[2014-07-05 17:51:31] COOKIE.Vulnerability.INFO: Executing on data 842c86da2eda0330685d3819cf0f8e6d [] []
[2014-07-05 17:51:31] SESSION.Vulnerability.INFO: Executing on data 22d88935f26e9c6b54b53a993ea934a9 [] []
[2014-07-05 17:51:31] ROUTER_INFO.Vulnerability.INFO: Executing on data 38d488787d6f46fdd4a6548475f681e3 [] []
[2014-07-05 17:52:14] Route.INFO: Route path: http://localhost/ArhFrame/projects Route name: project Route controller: arthurh Route module: arthurh Route action: project Route method:  Route is static: false Device:  [] []
[2014-07-05 17:52:14] POST.Vulnerability.INFO: Executing on data 10a0b997b78c35336888dbe4bc19a614 [] []
[2014-07-05 17:52:14] GET.Vulnerability.INFO: Executing on data 21736ee35e677d6f37cbb6be65479ec4 [] []
[2014-07-05 17:52:14] COOKIE.Vulnerability.INFO: Executing on data 842c86da2eda0330685d3819cf0f8e6d [] []
[2014-07-05 17:52:14] SESSION.Vulnerability.INFO: Executing on data 22d88935f26e9c6b54b53a993ea934a9 [] []
[2014-07-05 17:52:14] ROUTER_INFO.Vulnerability.INFO: Executing on data 38d488787d6f46fdd4a6548475f681e3 [] []
[2014-07-05 17:53:29] Route.INFO: Route path: http://localhost/ArhFrame/projects Route name: project Route controller: arthurh Route module: arthurh Route action: project Route method:  Route is static: false Device:  [] []
[2014-07-05 17:53:29] POST.Vulnerability.INFO: Executing on data 10a0b997b78c35336888dbe4bc19a614 [] []
[2014-07-05 17:53:29] GET.Vulnerability.INFO: Executing on data 21736ee35e677d6f37cbb6be65479ec4 [] []
[2014-07-05 17:53:29] COOKIE.Vulnerability.INFO: Executing on data 842c86da2eda0330685d3819cf0f8e6d [] []
[2014-07-05 17:53:29] SESSION.Vulnerability.INFO: Executing on data 22d88935f26e9c6b54b53a993ea934a9 [] []
[2014-07-05 17:53:29] ROUTER_INFO.Vulnerability.INFO: Executing on data 38d488787d6f46fdd4a6548475f681e3 [] []
[2014-07-05 17:54:50] Route.INFO: Route path: http://localhost/ArhFrame/projects Route name: project Route controller: arthurh Route module: arthurh Route action: project Route method:  Route is static: false Device:  [] []
[2014-07-05 17:54:50] POST.Vulnerability.INFO: Executing on data 10a0b997b78c35336888dbe4bc19a614 [] []
[2014-07-05 17:54:50] GET.Vulnerability.INFO: Executing on data 21736ee35e677d6f37cbb6be65479ec4 [] []
[2014-07-05 17:54:50] COOKIE.Vulnerability.INFO: Executing on data 842c86da2eda0330685d3819cf0f8e6d [] []
[2014-07-05 17:54:50] SESSION.Vulnerability.INFO: Executing on data 22d88935f26e9c6b54b53a993ea934a9 [] []
[2014-07-05 17:54:50] ROUTER_INFO.Vulnerability.INFO: Executing on data 38d488787d6f46fdd4a6548475f681e3 [] []
